<?xml version="1.0" encoding="UTF-8"?>
<!-- Generated by org.testng.reporters.JUnitReportReporter -->
<testsuite skipped="4" hostname="HP" name="com.ActiTime.scripts.TaskTest" tests="6" failures="0" timestamp="11 Jan 2019 09:11:00 GMT" time="33.893" errors="0">
  <testcase name="createTask" time="19.637" classname="com.ActiTime.scripts.TaskTest"/>
  <testcase name="deleteTask" time="14.256" classname="com.ActiTime.scripts.TaskTest"/>
  <testcase name="deleteCustomer" classname="com.ActiTime.scripts.TaskTest">
    <skipped/>
  </testcase> <!-- deleteCustomer -->
  <testcase name="createCustomer" classname="com.ActiTime.scripts.TaskTest">
    <skipped/>
  </testcase> <!-- createCustomer -->
  <testcase name="createProject" classname="com.ActiTime.scripts.TaskTest">
    <skipped/>
  </testcase> <!-- createProject -->
  <testcase name="deleteProject" classname="com.ActiTime.scripts.TaskTest">
    <skipped/>
  </testcase> <!-- deleteProject -->
</testsuite> <!-- com.ActiTime.scripts.TaskTest -->
