<?xml version="1.0" encoding="UTF-8"?>
<!-- Generated by org.testng.reporters.JUnitReportReporter -->
<testsuite skipped="0" hostname="HP" name="com.ActiTime.scripts.UserTest" tests="3" failures="0" timestamp="11 Jan 2019 11:16:24 GMT" time="47.682" errors="0">
  <testcase name="loginNewUser" time="10.754" classname="com.ActiTime.scripts.UserTest"/>
  <testcase name="createNewUser" time="19.010" classname="com.ActiTime.scripts.UserTest"/>
  <testcase name="deleteUser" time="17.918" classname="com.ActiTime.scripts.UserTest"/>
</testsuite> <!-- com.ActiTime.scripts.UserTest -->
