<?xml version="1.0" encoding="UTF-8"?>
<!-- Generated by org.testng.reporters.JUnitReportReporter -->
<testsuite skipped="0" hostname="HP" name="com.ActiTime.scripts.LoginTest" tests="2" failures="0" timestamp="14 Jan 2019 05:53:24 GMT" time="44.306" errors="0">
  <testcase name="validLogin" time="34.147" classname="com.ActiTime.scripts.LoginTest"/>
  <testcase name="invalidLogin" time="10.159" classname="com.ActiTime.scripts.LoginTest"/>
</testsuite> <!-- com.ActiTime.scripts.LoginTest -->
