<?xml version="1.0" encoding="UTF-8"?>
<!-- Generated by org.testng.reporters.JUnitReportReporter -->
<testsuite skipped="3" hostname="HP" name="com.ActiTime.scripts.TaskTest" tests="6" failures="0" timestamp="15 Jan 2019 12:50:03 GMT" time="54.653" errors="0">
  <testcase name="createCustomer" time="11.884" classname="com.ActiTime.scripts.TaskTest"/>
  <testcase name="createProject" time="20.677" classname="com.ActiTime.scripts.TaskTest"/>
  <testcase name="createTask" time="22.092" classname="com.ActiTime.scripts.TaskTest"/>
  <testcase name="deleteCustomer" classname="com.ActiTime.scripts.TaskTest">
    <skipped/>
  </testcase> <!-- deleteCustomer -->
  <testcase name="deleteTask" classname="com.ActiTime.scripts.TaskTest">
    <skipped/>
  </testcase> <!-- deleteTask -->
  <testcase name="deleteProject" classname="com.ActiTime.scripts.TaskTest">
    <skipped/>
  </testcase> <!-- deleteProject -->
</testsuite> <!-- com.ActiTime.scripts.TaskTest -->
