<?xml version="1.0" encoding="UTF-8"?>
<!-- Generated by org.testng.reporters.JUnitReportReporter -->
<testsuite skipped="0" hostname="HP" name="com.ActiTime.scripts.LoginTest" tests="2" failures="0" timestamp="15 Jan 2019 12:50:03 GMT" time="23.469" errors="0">
  <testcase name="validLogin" time="12.596" classname="com.ActiTime.scripts.LoginTest"/>
  <testcase name="invalidLogin" time="10.873" classname="com.ActiTime.scripts.LoginTest"/>
</testsuite> <!-- com.ActiTime.scripts.LoginTest -->
